2021/10/19 02:22:01 6679 INFO start worker
2021/10/19 02:22:01 6679 INFO listen rpc on port:25484
2021/10/19 02:22:01 6679 INFO tunnelManager start
2021/10/19 02:22:01 6679 INFO tunnelManager run start
2021/10/19 02:22:01 6679 INFO [worker:run] client start
2021/10/19 02:22:01 6679 INFO [msgdispatcher:check] web socket connect success
2021/10/19 02:22:01 6679 INFO MsgDispatcher run start
2021/10/19 02:22:02 6679 INFO [worker:getPublicIp] get public ip success, public ip:221.178.126.183
2021/10/19 02:22:02 6679 INFO [worker:sendRegisterRequest] sendRegisterRequest
2021/10/19 02:22:02 6679 ERROR upload bandwidth test failed:speed test service exceptions
2021/10/19 02:22:02 6679 INFO ipv6 test: call ifconfig fail:Get "http://ifconfigv6.zhexi.tech:10082/ifconfig": dial tcp [2402:4e00:1404:4000:0:9468:d420:1f1b]:10082: connect: network is unreachable
2021/10/19 02:22:02 6679 INFO [worker:sendRegisterRequest] register info:{raspberrypi Debian GNU/Linux 10 (buster) 1969-12-31 13:00:00 2021-10-19 02:17:40 10.167.168.35  10.167.168.35/32 221.178.126.183 e4:5f:01:2f:db:b9  XGXMJh 1.143.0.15537 0 0 0 0 }
2021/10/19 02:22:02 6679 INFO [worker:applyLocalPolicy] waiting for policy update...
2021/10/19 02:22:02 6679 INFO connect daemon rpc port:25485
2021/10/19 02:22:03 6679 INFO [worker:handleMQMsg] receive register rsp
2021/10/19 02:22:03 6679 INFO [worker:handleRegisterResponse] register return 1, msg:new
2021/10/19 02:22:03 6679 INFO [worker:sendPolicyRequest] send policy request
2021/10/19 02:22:03 6679 INFO [worker:handleMQMsg] receive policy
2021/10/19 02:22:03 6679 INFO [worker:handleNewPolicy] receive policy
2021/10/19 02:22:03 6679 INFO apply set loading stat to 2
2021/10/19 02:22:03 6679 INFO apply set loading stat to 1
2021/10/19 02:22:03 6679 INFO loading tunnel from new policy
2021/10/19 02:22:03 6679 INFO clear expired tunnel
2021/10/19 02:22:03 6679 INFO load tunnel policy finish
2021/10/19 02:22:03 6679 INFO [worker:applyLocalPolicy] policy has update, no need to apply local policy.
2021/10/19 02:22:03 6679 INFO test udp port 1 response,221.178.126.183:11446
2021/10/19 02:22:03 6679 INFO test udp port 2 response,221.178.126.183:11447
2021/10/19 02:22:03 6679 INFO ipv6 test: call ifconfig fail:Get "http://ifconfigv6.zhexi.tech:10082/ifconfig": dial tcp [2402:4e00:1404:4000:0:9468:d420:1f1b]:10082: connect: network is unreachable
2021/10/19 02:22:04 6679 INFO client log in success:&{166206435 10.167.168.35 0 221.178.126.183 11447 2 e4:5f:01:2f:db:b9 raspberrypi  0 c8af2ac2-30ce-11ec-8462-02420a000173 65d22c00-00c6-11ec-8549-85142dbb7e3e 1.143.0.15537 0 }
2021/10/19 02:22:04 6679 INFO [worker:sendPolicyRequest] send policy request
2021/10/19 02:22:04 6679 INFO ipv6 test: call ifconfig fail:Get "http://ifconfigv6.zhexi.tech:10082/ifconfig": dial tcp [2402:4e00:1404:4000:0:9468:d420:1f1b]:10082: connect: network is unreachable
2021/10/19 02:22:04 6679 INFO [worker:handleMQMsg] receive policy
2021/10/19 02:22:04 6679 INFO [worker:handleNewPolicy] receive policy
2021/10/19 02:22:04 6679 INFO apply set loading stat to 2
2021/10/19 02:22:04 6679 INFO apply set loading stat to 1
2021/10/19 02:22:04 6679 INFO loading tunnel from new policy
2021/10/19 02:22:04 6679 INFO clear expired tunnel
2021/10/19 02:22:04 6679 INFO load tunnel policy finish
2021/10/19 02:23:02 6679 INFO ipv6 test: call ifconfig fail:Get "http://ifconfigv6.zhexi.tech:10082/ifconfig": dial tcp [2402:4e00:1404:4000:0:9468:d420:1f1b]:10082: connect: network is unreachable
2021/10/19 02:23:14 6679 INFO ipv6 test: call ifconfig fail:Get "http://ifconfigv6.zhexi.tech:10082/ifconfig": dial tcp [2402:4e00:1404:4000:0:9468:d420:1f1b]:10082: connect: network is unreachable
2021/10/19 02:23:15 6679 INFO ipv6 test: call ifconfig fail:Get "http://ifconfigv6.zhexi.tech:10082/ifconfig": dial tcp [2402:4e00:1404:4000:0:9468:d420:1f1b]:10082: connect: network is unreachable
